TN:
SF:src/Calendar.ts
FNF:0
FNH:0
DA:41,1
LF:1
LH:1
BRF:0
BRH:0
end_of_record
TN:
SF:src/context.ts
FN:36,useCalendarStore
FN:53,useCalendarSelector
FN:57,(anonymous_2)
FN:81,useCalendarConfig
FN:93,(anonymous_4)
FN:96,(anonymous_5)
FN:98,(anonymous_6)
FN:141,useCalendarActions
FN:145,(anonymous_8)
FN:150,(anonymous_9)
FN:161,(anonymous_10)
FNF:11
FNH:11
FNDA:508,useCalendarStore
FNDA:330,useCalendarSelector
FNDA:1104,(anonymous_2)
FNDA:1888,useCalendarConfig
FNDA:607,(anonymous_4)
FNDA:579,(anonymous_5)
FNDA:96,(anonymous_6)
FNDA:16,useCalendarActions
FNDA:44,(anonymous_8)
FNDA:5,(anonymous_9)
FNDA:2,(anonymous_10)
DA:34,9
DA:37,508
DA:38,508
DA:39,4
DA:43,504
DA:56,330
DA:57,330
DA:58,1104
DA:79,9
DA:82,1888
DA:83,1888
DA:84,4
DA:88,1884
DA:93,9
DA:94,607
DA:96,579
DA:98,9
DA:99,96
DA:142,16
DA:143,14
DA:145,14
DA:146,44
DA:147,9
DA:150,14
DA:151,5
DA:152,4
DA:153,4
DA:161,14
DA:162,2
DA:163,2
DA:166,14
LF:31
LH:31
BRDA:38,0,0,4
BRDA:38,0,1,504
BRDA:83,1,0,4
BRDA:83,1,1,1884
BRDA:146,2,0,35
BRDA:146,2,1,9
BRDA:147,3,0,9
BRDA:147,3,1,9
BRDA:151,4,0,1
BRDA:151,4,1,4
BRDA:154,5,0,2
BRDA:154,5,1,2
BRDA:155,6,0,1
BRDA:155,6,1,3
BRDA:156,7,0,1
BRDA:156,7,1,3
BRF:16
BRH:16
end_of_record
TN:
SF:src/defaults.tsx
FN:35,(anonymous_0)
FN:40,(anonymous_1)
FN:47,(anonymous_2)
FN:55,(anonymous_3)
FNF:4
FNH:4
FNDA:193,(anonymous_0)
FNDA:582,(anonymous_1)
FNDA:532,(anonymous_2)
FNDA:35,(anonymous_3)
DA:34,10
DA:35,193
DA:37,10
DA:39,10
DA:40,582
DA:42,10
DA:44,10
DA:47,532
DA:48,10
DA:55,10
DA:61,35
DA:62,35
DA:63,35
DA:64,35
DA:66,35
DA:105,10
DA:116,10
DA:148,10
LF:18
LH:18
BRDA:57,0,0,2
BRDA:58,1,0,2
BRDA:82,2,0,17
BRDA:82,2,1,18
BRDA:87,3,0,17
BRDA:87,3,1,18
BRDA:93,4,0,17
BRDA:93,4,1,18
BRDA:98,5,0,17
BRDA:98,5,1,18
BRF:10
BRH:10
end_of_record
TN:
SF:src/store.ts
FN:76,(anonymous_0)
FN:85,(anonymous_1)
FN:119,(anonymous_2)
FN:120,(anonymous_3)
FN:130,(anonymous_4)
FN:132,(anonymous_5)
FN:134,(anonymous_6)
FN:141,(anonymous_7)
FN:145,(anonymous_8)
FN:157,(anonymous_9)
FN:174,(anonymous_10)
FN:204,(anonymous_11)
FN:205,(anonymous_12)
FN:220,(anonymous_13)
FN:234,(anonymous_14)
FN:238,(anonymous_15)
FN:250,(anonymous_16)
FN:253,(anonymous_17)
FN:261,(anonymous_18)
FN:270,(anonymous_19)
FN:279,(anonymous_20)
FN:280,(anonymous_21)
FN:291,(anonymous_22)
FN:292,(anonymous_23)
FN:303,(anonymous_24)
FN:311,(anonymous_25)
FN:314,(anonymous_26)
FN:375,(anonymous_27)
FNF:28
FNH:28
FNDA:133,(anonymous_0)
FNDA:10,(anonymous_1)
FNDA:5,(anonymous_2)
FNDA:4,(anonymous_3)
FNDA:1390,(anonymous_4)
FNDA:235,(anonymous_5)
FNDA:233,(anonymous_6)
FNDA:147,(anonymous_7)
FNDA:147,(anonymous_8)
FNDA:5,(anonymous_9)
FNDA:92,(anonymous_10)
FNDA:3,(anonymous_11)
FNDA:2,(anonymous_12)
FNDA:18,(anonymous_13)
FNDA:7,(anonymous_14)
FNDA:30,(anonymous_15)
FNDA:1,(anonymous_16)
FNDA:1,(anonymous_17)
FNDA:7,(anonymous_18)
FNDA:5,(anonymous_19)
FNDA:3,(anonymous_20)
FNDA:3,(anonymous_21)
FNDA:2,(anonymous_22)
FNDA:2,(anonymous_23)
FNDA:16,(anonymous_24)
FNDA:1,(anonymous_25)
FNDA:1,(anonymous_26)
FNDA:3,(anonymous_27)
DA:72,133
DA:73,133
DA:74,133
DA:77,133
DA:78,1
DA:82,132
DA:85,10
DA:99,132
DA:102,132
DA:104,132
DA:119,5
DA:120,4
DA:130,1390
DA:132,133
DA:133,235
DA:134,235
DA:135,233
DA:142,147
DA:149,147
DA:150,147
DA:151,5
DA:153,142
DA:158,5
DA:159,5
DA:160,5
DA:162,5
DA:165,5
DA:166,5
DA:167,5
DA:175,92
DA:176,92
DA:178,92
DA:179,2
DA:181,92
DA:182,2
DA:187,92
DA:188,92
DA:189,92
DA:190,92
DA:194,2
DA:196,92
DA:200,2
DA:204,92
DA:205,92
DA:209,92
DA:215,92
DA:220,133
DA:221,18
DA:222,17
DA:234,133
DA:235,7
DA:236,7
DA:238,6
DA:239,30
DA:240,6
DA:251,1
DA:253,1
DA:261,133
DA:262,7
DA:263,7
DA:270,133
DA:271,5
DA:272,5
DA:279,133
DA:280,3
DA:281,3
DA:282,3
DA:291,133
DA:292,2
DA:293,2
DA:294,2
DA:303,133
DA:304,16
DA:305,16
DA:308,16
DA:309,15
DA:311,14
DA:312,13
DA:314,1
DA:317,1
DA:320,12
DA:321,2
DA:326,2
DA:330,10
DA:331,10
DA:332,10
DA:333,10
DA:335,10
DA:336,1
DA:337,1
DA:338,9
DA:339,4
DA:340,2
DA:341,2
DA:342,2
DA:343,1
DA:344,1
DA:346,1
DA:347,1
DA:349,5
DA:350,4
DA:351,2
DA:352,2
DA:353,2
DA:354,1
DA:355,1
DA:357,1
DA:358,1
DA:362,1
DA:363,1
DA:366,10
DA:375,133
DA:376,3
DA:377,3
LF:114
LH:114
BRDA:77,0,0,1
BRDA:77,0,1,132
BRDA:82,1,0,6
BRDA:82,1,1,126
BRDA:99,2,0,114
BRDA:99,2,1,18
BRDA:101,3,0,18
BRDA:101,3,1,7
BRDA:102,4,0,59
BRDA:102,4,1,73
BRDA:110,5,0,43
BRDA:110,5,1,89
BRDA:113,6,0,11
BRDA:113,6,1,121
BRDA:116,7,0,9
BRDA:116,7,1,123
BRDA:117,8,0,7
BRDA:117,8,1,125
BRDA:118,9,0,6
BRDA:118,9,1,126
BRDA:124,10,0,132
BRDA:124,10,1,128
BRDA:150,11,0,5
BRDA:150,11,1,142
BRDA:165,12,0,5
BRDA:165,13,0,5
BRDA:165,13,1,5
BRDA:178,14,0,2
BRDA:178,14,1,90
BRDA:181,15,0,2
BRDA:181,15,1,90
BRDA:181,16,0,92
BRDA:181,16,1,91
BRDA:182,17,0,2
BRDA:182,17,1,1
BRDA:188,18,0,4
BRDA:188,18,1,88
BRDA:189,19,0,3
BRDA:189,19,1,89
BRDA:190,20,0,2
BRDA:190,20,1,90
BRDA:191,21,0,92
BRDA:191,21,1,4
BRDA:191,21,2,3
BRDA:191,21,3,91
BRDA:191,21,4,88
BRDA:196,22,0,2
BRDA:196,22,1,90
BRDA:197,23,0,92
BRDA:197,23,1,3
BRDA:197,23,2,2
BRDA:197,23,3,91
BRDA:197,23,4,89
BRDA:221,24,0,1
BRDA:221,24,1,17
BRDA:236,25,0,1
BRDA:236,25,1,6
BRDA:239,26,0,4
BRDA:239,26,1,26
BRDA:308,27,0,1
BRDA:308,27,1,15
BRDA:308,28,0,16
BRDA:308,28,1,1
BRDA:309,29,0,1
BRDA:309,29,1,14
BRDA:309,30,0,15
BRDA:309,30,1,1
BRDA:311,31,0,1
BRDA:311,31,1,13
BRDA:312,32,0,1
BRDA:312,32,1,12
BRDA:314,33,0,1
BRDA:314,33,1,1
BRDA:320,34,0,2
BRDA:320,34,1,10
BRDA:335,35,0,1
BRDA:335,35,1,9
BRDA:335,36,0,10
BRDA:335,36,1,5
BRDA:338,37,0,4
BRDA:338,37,1,5
BRDA:338,38,0,9
BRDA:338,38,1,5
BRDA:339,39,0,2
BRDA:339,39,1,2
BRDA:340,40,0,1
BRDA:340,40,1,1
BRDA:341,41,0,1
BRDA:341,41,1,1
BRDA:342,42,0,1
BRDA:342,42,1,1
BRDA:349,43,0,4
BRDA:349,43,1,1
BRDA:349,44,0,5
BRDA:349,44,1,4
BRDA:350,45,0,2
BRDA:350,45,1,2
BRDA:351,46,0,1
BRDA:351,46,1,1
BRDA:352,47,0,1
BRDA:352,47,1,1
BRDA:353,48,0,1
BRDA:353,48,1,1
BRF:103
BRH:103
end_of_record
TN:
SF:src/components/DayGrid.tsx
FN:41,(anonymous_0)
FN:44,(anonymous_1)
FN:54,(anonymous_2)
FN:90,DayCellComponent
FN:96,(anonymous_4)
FN:180,(anonymous_5)
FN:224,(anonymous_6)
FN:234,(anonymous_7)
FN:240,(anonymous_8)
FN:241,(anonymous_9)
FN:242,(anonymous_10)
FN:243,(anonymous_11)
FN:244,(anonymous_12)
FN:245,(anonymous_13)
FN:246,(anonymous_14)
FN:247,(anonymous_15)
FN:251,(anonymous_16)
FN:259,(anonymous_17)
FN:262,(anonymous_18)
FN:303,(anonymous_19)
FN:320,(anonymous_20)
FNF:21
FNH:21
FNDA:12,(anonymous_0)
FNDA:39,(anonymous_1)
FNDA:84,(anonymous_2)
FNDA:308,DayCellComponent
FNDA:3,(anonymous_4)
FNDA:85,(anonymous_5)
FNDA:15,(anonymous_6)
FNDA:48,(anonymous_7)
FNDA:48,(anonymous_8)
FNDA:48,(anonymous_9)
FNDA:48,(anonymous_10)
FNDA:48,(anonymous_11)
FNDA:48,(anonymous_12)
FNDA:48,(anonymous_13)
FNDA:48,(anonymous_14)
FNDA:48,(anonymous_15)
FNDA:12,(anonymous_16)
FNDA:15,(anonymous_17)
FNDA:630,(anonymous_18)
FNDA:1,(anonymous_19)
FNDA:630,(anonymous_20)
DA:41,3
DA:42,12
DA:43,12
DA:44,39
DA:46,12
DA:55,84
DA:78,3
DA:79,3
DA:91,308
DA:92,308
DA:93,308
DA:95,308
DA:97,3
DA:104,308
DA:105,308
DA:106,308
DA:107,8
DA:108,300
DA:109,1
DA:110,1
DA:112,308
DA:113,1
DA:114,307
DA:115,1
DA:116,306
DA:117,1
DA:120,308
DA:126,308
DA:180,3
DA:181,85
DA:182,84
DA:183,84
DA:184,84
DA:201,3
DA:202,3
DA:224,3
DA:225,15
DA:226,15
DA:227,15
DA:228,15
DA:234,15
DA:235,48
DA:236,48
DA:237,48
DA:240,48
DA:241,48
DA:242,48
DA:243,48
DA:244,48
DA:245,48
DA:246,48
DA:247,48
DA:251,15
DA:252,12
DA:253,12
DA:259,15
DA:260,15
DA:261,15
DA:262,15
DA:263,630
DA:264,630
DA:266,630
DA:270,630
DA:272,630
DA:276,630
DA:302,15
DA:304,1
DA:305,1
DA:310,15
DA:321,630
DA:322,252
DA:327,378
DA:334,3
DA:335,3
LF:74
LH:74
BRDA:106,0,0,8
BRDA:106,0,1,300
BRDA:108,1,0,1
BRDA:108,1,1,299
BRDA:112,2,0,1
BRDA:112,2,1,307
BRDA:112,3,0,308
BRDA:112,3,1,2
BRDA:114,4,0,1
BRDA:114,4,1,306
BRDA:116,5,0,1
BRDA:116,5,1,305
BRDA:120,6,0,8
BRDA:120,6,1,300
BRDA:122,7,0,190
BRDA:122,7,1,110
BRDA:122,8,0,300
BRDA:122,8,1,222
BRDA:135,9,0,44
BRDA:135,9,1,264
BRDA:143,10,0,2
BRDA:143,10,1,306
BRDA:143,11,0,308
BRDA:143,11,1,3
BRDA:145,12,0,44
BRDA:145,12,1,264
BRDA:148,13,0,307
BRDA:148,13,1,1
BRDA:157,14,0,8
BRDA:157,14,1,300
BRDA:181,15,0,1
BRDA:181,15,1,84
BRDA:185,16,0,84
BRDA:185,16,1,84
BRDA:185,16,2,84
BRDA:185,16,3,84
BRDA:185,16,4,84
BRDA:185,16,5,82
BRDA:185,16,6,82
BRDA:185,16,7,82
BRDA:185,16,8,82
BRDA:263,17,0,630
BRDA:263,17,1,42
BRDA:264,18,0,630
BRDA:264,18,1,42
BRDA:266,19,0,630
BRDA:266,19,1,588
BRDA:266,19,2,546
BRDA:270,20,0,630
BRDA:270,20,1,42
BRDA:272,21,0,630
BRDA:272,21,1,126
BRDA:272,21,2,610
BRDA:272,21,3,106
BRDA:272,21,4,547
BRDA:282,22,0,630
BRDA:282,22,1,617
BRDA:282,22,2,616
BRDA:283,23,0,630
BRDA:283,23,1,3
BRDA:283,23,2,2
BRDA:321,24,0,252
BRDA:321,24,1,378
BRF:63
BRH:63
end_of_record
TN:
SF:src/components/Header.tsx
FN:37,(anonymous_0)
FN:68,(anonymous_1)
FN:75,(anonymous_2)
FN:98,(anonymous_3)
FN:105,(anonymous_4)
FN:133,(anonymous_5)
FN:140,(anonymous_6)
FN:144,(anonymous_7)
FN:147,(anonymous_8)
FN:185,(anonymous_9)
FN:192,(anonymous_10)
FN:193,(anonymous_11)
FN:197,(anonymous_12)
FN:203,(anonymous_13)
FN:238,(anonymous_14)
FNF:15
FNH:15
FNDA:17,(anonymous_0)
FNDA:17,(anonymous_1)
FNDA:4,(anonymous_2)
FNDA:17,(anonymous_3)
FNDA:4,(anonymous_4)
FNDA:30,(anonymous_5)
FNDA:108,(anonymous_6)
FNDA:108,(anonymous_7)
FNDA:2,(anonymous_8)
FNDA:30,(anonymous_9)
FNDA:108,(anonymous_10)
FNDA:108,(anonymous_11)
FNDA:7,(anonymous_12)
FNDA:2,(anonymous_13)
FNDA:16,(anonymous_14)
DA:37,2
DA:38,17
DA:39,17
DA:40,17
DA:42,17
DA:57,2
DA:68,2
DA:69,17
DA:70,17
DA:71,17
DA:72,17
DA:73,17
DA:75,17
DA:76,4
DA:77,4
DA:78,4
DA:79,2
DA:80,1
DA:83,17
DA:95,2
DA:96,2
DA:98,2
DA:99,17
DA:100,17
DA:101,17
DA:102,17
DA:103,17
DA:105,17
DA:106,4
DA:107,4
DA:108,4
DA:109,2
DA:110,1
DA:113,17
DA:125,2
DA:126,2
DA:133,2
DA:134,30
DA:135,30
DA:136,30
DA:137,30
DA:138,30
DA:140,108
DA:143,30
DA:144,108
DA:147,30
DA:148,2
DA:149,2
DA:152,30
DA:154,25
DA:177,2
DA:178,2
DA:185,2
DA:186,30
DA:187,30
DA:188,30
DA:189,30
DA:190,30
DA:192,108
DA:193,108
DA:196,30
DA:198,7
DA:199,7
DA:203,30
DA:204,2
DA:205,2
DA:208,30
DA:231,2
DA:232,2
DA:238,2
DA:239,16
DA:241,16
DA:254,2
DA:255,2
DA:259,2
LF:75
LH:75
BRDA:51,0,0,16
BRDA:51,0,1,1
BRDA:77,1,0,1
BRDA:77,1,1,3
BRDA:78,2,0,2
BRDA:78,2,1,2
BRDA:79,3,0,1
BRDA:79,3,1,1
BRDA:89,4,0,16
BRDA:89,4,1,1
BRDA:91,5,0,17
BRDA:91,5,1,16
BRDA:107,6,0,1
BRDA:107,6,1,3
BRDA:108,7,0,2
BRDA:108,7,1,2
BRDA:109,8,0,1
BRDA:109,8,1,1
BRDA:119,9,0,16
BRDA:119,9,1,1
BRDA:121,10,0,17
BRDA:121,10,1,16
BRDA:144,11,0,108
BRDA:144,11,1,3
BRDA:149,12,0,1
BRDA:149,12,1,1
BRDA:152,13,0,5
BRDA:152,13,1,25
BRDA:163,14,0,24
BRDA:163,14,1,1
BRDA:196,15,0,7
BRDA:196,15,1,23
BRDA:205,16,0,1
BRDA:205,16,1,1
BRDA:217,17,0,29
BRDA:217,17,1,1
BRF:36
BRH:36
end_of_record
TN:
SF:src/components/MonthGrid.tsx
FN:27,MonthCellComponent
FN:37,(anonymous_1)
FN:70,(anonymous_2)
FN:74,(anonymous_3)
FN:75,(anonymous_4)
FN:77,(anonymous_5)
FN:81,(anonymous_6)
FN:82,(anonymous_7)
FN:97,(anonymous_8)
FNF:9
FNH:9
FNDA:62,MonthCellComponent
FNDA:1,(anonymous_1)
FNDA:6,(anonymous_2)
FNDA:19,(anonymous_3)
FNDA:19,(anonymous_4)
FNDA:1,(anonymous_5)
FNDA:5,(anonymous_6)
FNDA:60,(anonymous_7)
FNDA:72,(anonymous_8)
DA:33,62
DA:34,62
DA:35,62
DA:37,62
DA:39,62
DA:67,3
DA:68,3
DA:70,3
DA:71,6
DA:72,6
DA:74,19
DA:75,19
DA:77,6
DA:80,6
DA:82,60
DA:89,6
DA:98,72
DA:110,3
DA:111,3
LF:19
LH:19
BRDA:50,0,0,6
BRDA:50,0,1,56
BRDA:53,1,0,50
BRDA:53,1,1,12
BRDA:57,2,0,6
BRDA:57,2,1,56
BRDA:59,3,0,6
BRDA:59,3,1,56
BRF:8
BRH:8
end_of_record
TN:
SF:src/components/Root.tsx
FN:99,(anonymous_0)
FN:108,(anonymous_1)
FN:118,(anonymous_2)
FN:122,(anonymous_3)
FN:178,(anonymous_4)
FN:196,(anonymous_5)
FN:198,(anonymous_6)
FN:219,(anonymous_7)
FNF:8
FNH:8
FNDA:87,(anonymous_0)
FNDA:87,(anonymous_1)
FNDA:87,(anonymous_2)
FNDA:94,(anonymous_3)
FNDA:85,(anonymous_4)
FNDA:87,(anonymous_5)
FNDA:91,(anonymous_6)
FNDA:87,(anonymous_7)
DA:99,9
DA:101,87
DA:108,9
DA:110,87
DA:118,9
DA:120,87
DA:122,9
DA:149,94
DA:151,94
DA:152,94
DA:154,94
DA:155,94
DA:158,94
DA:159,94
DA:160,84
DA:174,94
DA:178,94
DA:179,85
DA:196,94
DA:197,87
DA:198,91
DA:199,87
DA:201,1
DA:204,1
DA:205,86
DA:207,1
DA:210,1
DA:218,94
DA:219,87
DA:243,94
DA:252,9
LF:31
LH:31
BRDA:102,0,0,87
BRDA:102,0,1,86
BRDA:103,1,0,87
BRDA:103,1,1,87
BRDA:104,2,0,87
BRDA:104,2,1,87
BRDA:105,3,0,87
BRDA:105,3,1,87
BRDA:111,4,0,87
BRDA:111,4,1,86
BRDA:112,5,0,87
BRDA:112,5,1,87
BRDA:113,6,0,87
BRDA:113,6,1,87
BRDA:114,7,0,87
BRDA:114,7,1,86
BRDA:115,8,0,87
BRDA:115,8,1,87
BRDA:120,9,0,87
BRDA:120,9,1,86
BRDA:125,10,0,88
BRDA:159,11,0,84
BRDA:159,11,1,10
BRDA:199,12,0,1
BRDA:199,12,1,86
BRDA:204,13,0,1
BRDA:205,14,0,1
BRDA:205,14,1,85
BRDA:210,15,0,1
BRF:29
BRH:29
end_of_record
TN:
SF:src/components/SystemSwitcher.tsx
FN:51,(anonymous_0)
FN:59,(anonymous_1)
FN:62,(anonymous_2)
FN:63,(anonymous_3)
FN:89,(anonymous_4)
FN:97,(anonymous_5)
FNF:6
FNH:6
FNDA:8,(anonymous_0)
FNDA:25,(anonymous_1)
FNDA:2,(anonymous_2)
FNDA:4,(anonymous_3)
FNDA:10,(anonymous_4)
FNDA:1,(anonymous_5)
DA:51,2
DA:54,8
DA:55,8
DA:56,8
DA:57,8
DA:59,25
DA:61,8
DA:63,4
DA:64,2
DA:65,2
DA:66,1
DA:67,1
DA:72,8
DA:74,7
DA:75,2
DA:79,5
DA:90,10
DA:91,10
DA:97,1
DA:127,2
DA:128,2
LF:21
LH:21
BRDA:64,0,0,1
BRDA:64,0,1,1
BRDA:65,1,0,1
BRDA:65,1,1,1
BRDA:65,2,0,2
BRDA:65,2,1,1
BRDA:72,3,0,1
BRDA:72,3,1,7
BRDA:74,4,0,2
BRDA:74,4,1,5
BRDA:87,5,0,4
BRDA:87,5,1,1
BRDA:103,6,0,5
BRDA:103,6,1,5
BRDA:108,7,0,8
BRDA:108,7,1,2
BRDA:113,8,0,5
BRDA:113,8,1,5
BRDA:115,9,0,5
BRDA:115,9,1,5
BRF:20
BRH:20
end_of_record
TN:
SF:src/components/View.tsx
FN:24,(anonymous_0)
FN:25,(anonymous_1)
FNF:2
FNH:2
FNDA:6,(anonymous_0)
FNDA:20,(anonymous_1)
DA:24,2
DA:25,20
DA:27,6
DA:28,2
DA:29,1
DA:32,2
DA:33,2
LF:7
LH:7
BRDA:27,0,0,4
BRDA:27,0,1,2
BRDA:28,1,0,1
BRDA:28,1,1,1
BRF:4
BRH:4
end_of_record
TN:
SF:src/components/YearGrid.tsx
FN:24,YearCellComponent
FN:29,(anonymous_1)
FN:62,(anonymous_2)
FN:66,(anonymous_3)
FN:68,(anonymous_4)
FN:70,(anonymous_5)
FN:80,(anonymous_6)
FNF:7
FNH:7
FNDA:62,YearCellComponent
FNDA:1,(anonymous_1)
FNDA:6,(anonymous_2)
FNDA:19,(anonymous_3)
FNDA:6,(anonymous_4)
FNDA:1,(anonymous_5)
FNDA:72,(anonymous_6)
DA:25,62
DA:26,62
DA:27,62
DA:29,62
DA:31,62
DA:59,3
DA:60,3
DA:62,3
DA:63,6
DA:64,6
DA:66,19
DA:68,6
DA:70,6
DA:72,6
DA:81,72
DA:92,3
DA:93,3
LF:17
LH:17
BRDA:42,0,0,6
BRDA:42,0,1,56
BRDA:45,1,0,50
BRDA:45,1,1,12
BRDA:49,2,0,6
BRDA:49,2,1,56
BRDA:51,3,0,6
BRDA:51,3,1,56
BRF:8
BRH:8
end_of_record
TN:
SF:src/systems/gregorian.ts
FN:25,(anonymous_0)
FN:34,(anonymous_1)
FN:36,(anonymous_2)
FN:45,(anonymous_3)
FN:107,(anonymous_4)
FN:112,(anonymous_5)
FN:114,(anonymous_6)
FN:120,(anonymous_7)
FN:125,(anonymous_8)
FN:129,(anonymous_9)
FN:159,(anonymous_10)
FN:160,(anonymous_11)
FN:161,(anonymous_12)
FN:162,(anonymous_13)
FN:163,(anonymous_14)
FN:165,(anonymous_15)
FN:169,(anonymous_16)
FN:183,(anonymous_17)
FN:188,(anonymous_18)
FN:195,(anonymous_19)
FN:199,(anonymous_20)
FN:200,(anonymous_21)
FN:205,(anonymous_22)
FN:211,(anonymous_23)
FN:212,(anonymous_24)
FN:216,(anonymous_25)
FNF:26
FNH:26
FNDA:1236,(anonymous_0)
FNDA:41,(anonymous_1)
FNDA:924,(anonymous_2)
FNDA:24,(anonymous_3)
FNDA:33,(anonymous_4)
FNDA:631,(anonymous_5)
FNDA:2,(anonymous_6)
FNDA:102,(anonymous_7)
FNDA:250,(anonymous_8)
FNDA:172,(anonymous_9)
FNDA:192,(anonymous_10)
FNDA:187,(anonymous_11)
FNDA:33,(anonymous_12)
FNDA:24,(anonymous_13)
FNDA:41,(anonymous_14)
FNDA:5,(anonymous_15)
FNDA:5,(anonymous_16)
FNDA:822,(anonymous_17)
FNDA:45,(anonymous_18)
FNDA:6,(anonymous_19)
FNDA:1416,(anonymous_20)
FNDA:228,(anonymous_21)
FNDA:158,(anonymous_22)
FNDA:127,(anonymous_23)
FNDA:41,(anonymous_24)
FNDA:648,(anonymous_25)
DA:25,11
DA:26,1236
DA:32,11
DA:34,41
DA:36,11
DA:37,924
DA:44,11
DA:45,11
DA:46,24
DA:50,24
DA:65,11
DA:80,11
DA:107,11
DA:110,33
DA:111,33
DA:112,631
DA:114,33
DA:116,33
DA:121,102
DA:122,102
DA:126,250
DA:130,172
DA:131,170
DA:133,7
DA:140,1
DA:141,1
DA:144,6
DA:149,1
DA:152,5
DA:153,3
DA:154,3
DA:156,3
DA:159,192
DA:160,187
DA:161,33
DA:162,24
DA:163,41
DA:166,5
DA:170,5
DA:171,5
DA:172,5
DA:173,1
DA:174,1
DA:176,5
DA:177,1
DA:178,1
DA:180,5
DA:184,822
DA:185,822
DA:189,45
DA:190,45
DA:191,45
DA:192,45
DA:196,6
DA:199,1416
DA:201,228
DA:202,225
DA:203,179
DA:206,158
DA:207,156
DA:208,124
DA:211,127
DA:212,41
DA:216,648
DA:221,11
LF:65
LH:65
BRDA:34,0,0,41
BRDA:34,0,1,6
BRDA:34,0,2,37
BRDA:37,1,0,41
BRDA:37,1,1,883
BRDA:37,2,0,5
BRDA:37,2,1,36
BRDA:46,3,0,4
BRDA:46,3,1,20
BRDA:108,4,0,19
BRDA:110,5,0,33
BRDA:110,5,1,31
BRDA:111,6,0,33
BRDA:111,6,1,32
BRDA:112,7,0,33
BRDA:112,7,1,32
BRDA:114,8,0,33
BRDA:114,8,1,32
BRDA:114,9,0,2
BRDA:114,9,1,1
BRDA:118,10,0,33
BRDA:118,10,1,24
BRDA:130,11,0,2
BRDA:130,11,1,170
BRDA:131,12,0,163
BRDA:131,12,1,7
BRDA:133,13,0,1
BRDA:133,13,1,6
BRDA:134,14,0,7
BRDA:134,14,1,3
BRDA:134,14,2,3
BRDA:134,14,3,1
BRDA:134,14,4,1
BRDA:144,15,0,1
BRDA:144,15,1,5
BRDA:145,16,0,6
BRDA:145,16,1,2
BRDA:145,16,2,2
BRDA:152,17,0,3
BRDA:152,17,1,2
BRDA:152,18,0,5
BRDA:152,18,1,3
BRDA:154,19,0,2
BRDA:154,19,1,1
BRDA:199,20,0,1416
BRDA:199,20,1,870
BRDA:199,20,2,660
BRDA:201,21,0,3
BRDA:201,21,1,225
BRDA:202,22,0,46
BRDA:202,22,1,179
BRDA:206,23,0,2
BRDA:206,23,1,156
BRDA:207,24,0,32
BRDA:207,24,1,124
BRF:55
BRH:55
end_of_record
TN:
SF:src/systems/hijri.ts
FN:141,(anonymous_0)
FN:157,(anonymous_1)
FN:176,(anonymous_2)
FN:194,(anonymous_3)
FN:197,(anonymous_4)
FN:199,(anonymous_5)
FN:215,(anonymous_6)
FN:231,(anonymous_7)
FN:258,(anonymous_8)
FN:267,(anonymous_9)
FN:275,(anonymous_10)
FN:302,(anonymous_11)
FN:303,(anonymous_12)
FN:304,(anonymous_13)
FN:305,(anonymous_14)
FN:306,(anonymous_15)
FN:308,(anonymous_16)
FN:313,(anonymous_17)
FN:328,(anonymous_18)
FN:333,(anonymous_19)
FN:341,(anonymous_20)
FN:346,(anonymous_21)
FN:347,(anonymous_22)
FN:352,(anonymous_23)
FN:358,(anonymous_24)
FN:359,(anonymous_25)
FN:363,(anonymous_26)
FNF:27
FNH:27
FNDA:3,(anonymous_0)
FNDA:24,(anonymous_1)
FNDA:10,(anonymous_2)
FNDA:1,(anonymous_3)
FNDA:2,(anonymous_4)
FNDA:11,(anonymous_5)
FNDA:30,(anonymous_6)
FNDA:12,(anonymous_7)
FNDA:10,(anonymous_8)
FNDA:20,(anonymous_9)
FNDA:10,(anonymous_10)
FNDA:10,(anonymous_11)
FNDA:7,(anonymous_12)
FNDA:8,(anonymous_13)
FNDA:3,(anonymous_14)
FNDA:2,(anonymous_15)
FNDA:1,(anonymous_16)
FNDA:3,(anonymous_17)
FNDA:3,(anonymous_18)
FNDA:2,(anonymous_19)
FNDA:1,(anonymous_20)
FNDA:8,(anonymous_21)
FNDA:6,(anonymous_22)
FNDA:6,(anonymous_23)
FNDA:3,(anonymous_24)
FNDA:2,(anonymous_25)
FNDA:2,(anonymous_26)
DA:76,1
DA:91,1
DA:126,1
DA:139,1
DA:141,1
DA:142,3
DA:146,3
DA:157,1
DA:158,24
DA:159,24
DA:160,24
DA:161,24
DA:176,1
DA:182,10
DA:188,4
DA:191,6
DA:192,6
DA:193,6
DA:194,6
DA:196,6
DA:197,2
DA:199,6
DA:204,11
DA:205,11
DA:215,6
DA:220,30
DA:221,30
DA:231,6
DA:232,12
DA:237,12
DA:238,12
DA:239,12
DA:240,2
DA:241,2
DA:243,12
DA:248,12
DA:254,6
DA:259,10
DA:260,10
DA:268,20
DA:276,10
DA:277,8
DA:278,7
DA:285,1
DA:286,1
DA:288,6
DA:293,1
DA:295,5
DA:296,3
DA:297,3
DA:299,3
DA:302,10
DA:303,7
DA:304,8
DA:305,3
DA:306,2
DA:309,1
DA:310,1
DA:314,3
DA:315,3
DA:316,3
DA:317,1
DA:318,1
DA:320,3
DA:321,1
DA:322,1
DA:324,3
DA:325,3
DA:329,3
DA:330,3
DA:334,2
DA:335,2
DA:336,2
DA:337,2
DA:338,2
DA:342,1
DA:343,1
DA:346,8
DA:348,6
DA:349,4
DA:350,2
DA:353,6
DA:354,4
DA:355,2
DA:358,3
DA:359,2
DA:363,2
LF:87
LH:87
BRDA:142,0,0,2
BRDA:142,0,1,1
BRDA:182,1,0,4
BRDA:182,1,1,6
BRDA:183,2,0,10
BRDA:183,2,1,9
BRDA:183,2,2,8
BRDA:183,2,3,7
BRDA:192,3,0,6
BRDA:192,3,1,4
BRDA:193,4,0,6
BRDA:193,4,1,5
BRDA:194,5,0,6
BRDA:194,5,1,5
BRDA:196,6,0,6
BRDA:196,6,1,5
BRDA:197,7,0,2
BRDA:197,7,1,1
BRDA:239,8,0,2
BRDA:239,8,1,10
BRDA:256,9,0,6
BRDA:256,9,1,5
BRDA:276,10,0,2
BRDA:276,10,1,8
BRDA:277,11,0,1
BRDA:277,11,1,7
BRDA:278,12,0,1
BRDA:278,12,1,6
BRDA:279,13,0,7
BRDA:279,13,1,3
BRDA:279,13,2,3
BRDA:279,13,3,1
BRDA:279,13,4,1
BRDA:288,14,0,1
BRDA:288,14,1,5
BRDA:289,15,0,6
BRDA:289,15,1,2
BRDA:289,15,2,2
BRDA:295,16,0,3
BRDA:295,16,1,2
BRDA:295,17,0,5
BRDA:295,17,1,3
BRDA:297,18,0,2
BRDA:297,18,1,1
BRDA:346,19,0,8
BRDA:346,19,1,8
BRDA:346,19,2,8
BRDA:348,20,0,2
BRDA:348,20,1,4
BRDA:349,21,0,2
BRDA:349,21,1,2
BRDA:353,22,0,2
BRDA:353,22,1,4
BRDA:354,23,0,2
BRDA:354,23,1,2
BRF:55
BRH:55
end_of_record
TN:
SF:src/utils/grid.ts
FN:36,buildMonthGrid
FN:89,getYearPage
FN:93,(anonymous_2)
FN:99,isBetween
FN:113,isExplicitlyDisabled
FNF:5
FNH:5
FNDA:19,buildMonthGrid
FNDA:18,getYearPage
FNDA:216,(anonymous_2)
FNDA:93,isBetween
FNDA:554,isExplicitlyDisabled
DA:11,6
DA:12,6
DA:13,6
DA:15,6
DA:40,19
DA:41,19
DA:42,19
DA:44,19
DA:47,19
DA:48,17
DA:49,17
DA:50,17
DA:51,60
DA:60,19
DA:61,596
DA:62,596
DA:70,19
DA:71,19
DA:72,18
DA:73,18
DA:74,142
DA:82,19
DA:90,18
DA:91,18
DA:92,18
DA:93,216
DA:105,93
DA:106,90
DA:119,554
DA:120,129
DA:121,129
DA:124,549
DA:125,43
DA:126,43
DA:129,541
LF:35
LH:35
BRDA:47,0,0,17
BRDA:47,0,1,2
BRDA:71,1,0,18
BRDA:71,1,1,1
BRDA:91,2,0,1
BRDA:91,2,1,17
BRDA:92,3,0,1
BRDA:92,3,1,17
BRDA:105,4,0,3
BRDA:105,4,1,90
BRDA:105,5,0,93
BRDA:105,5,1,91
BRDA:106,6,0,90
BRDA:106,6,1,44
BRDA:119,7,0,129
BRDA:119,7,1,425
BRDA:121,8,0,5
BRDA:121,8,1,124
BRDA:124,9,0,43
BRDA:124,9,1,506
BRDA:126,10,0,8
BRDA:126,10,1,35
BRF:22
BRH:22
end_of_record
TN:
SF:src/utils/stableProps.ts
FN:33,useStableCallback
FN:37,(anonymous_1)
FN:44,(anonymous_2)
FN:60,useStableArray
FN:66,(anonymous_4)
FNF:5
FNH:5
FNDA:376,useStableCallback
FNDA:376,(anonymous_1)
FNDA:11,(anonymous_2)
FNDA:94,useStableArray
FNDA:9,(anonymous_4)
DA:36,376
DA:37,376
DA:38,376
DA:44,376
DA:45,11
DA:47,376
DA:61,94
DA:62,94
DA:63,94
DA:64,10
DA:66,9
DA:68,3
DA:71,94
LF:13
LH:13
BRDA:47,0,0,18
BRDA:47,0,1,358
BRDA:63,1,0,10
BRDA:63,1,1,84
BRDA:64,2,0,3
BRDA:64,2,1,7
BRDA:65,3,0,10
BRDA:65,3,1,8
BRF:8
BRH:8
end_of_record
