TN:
SF:src/Calendar.ts
FNF:0
FNH:0
DA:44,1
LF:1
LH:1
BRF:0
BRH:0
end_of_record
TN:
SF:src/context.ts
FN:45,useCalendarStore
FN:62,useCalendarSelector
FN:66,(anonymous_2)
FN:90,useCalendarConfig
FN:102,(anonymous_4)
FN:105,(anonymous_5)
FN:107,(anonymous_6)
FN:150,useCalendarActions
FN:154,(anonymous_8)
FN:159,(anonymous_9)
FN:170,(anonymous_10)
FN:201,(anonymous_11)
FN:213,useCalendarNavigation
FN:216,(anonymous_13)
FN:220,(anonymous_14)
FN:254,useCalendarMonthLabel
FN:259,(anonymous_16)
FN:261,(anonymous_17)
FN:262,(anonymous_18)
FN:289,useCalendarYearLabel
FN:293,(anonymous_20)
FN:299,(anonymous_21)
FN:338,useCalendarSystemSwitcher
FN:341,(anonymous_23)
FN:344,(anonymous_24)
FN:345,(anonymous_25)
FN:395,useCalendarMonthPicker
FN:397,(anonymous_27)
FN:398,(anonymous_28)
FN:400,(anonymous_29)
FN:400,(anonymous_30)
FN:404,(anonymous_31)
FN:443,useCalendarYearPicker
FN:445,(anonymous_33)
FN:447,(anonymous_34)
FN:451,(anonymous_35)
FNF:36
FNH:36
FNDA:263,useCalendarStore
FNDA:168,useCalendarSelector
FNDA:536,(anonymous_2)
FNDA:644,useCalendarConfig
FNDA:202,(anonymous_4)
FNDA:202,(anonymous_5)
FNDA:2,(anonymous_6)
FNDA:16,useCalendarActions
FNDA:44,(anonymous_8)
FNDA:5,(anonymous_9)
FNDA:2,(anonymous_10)
FNDA:12,(anonymous_11)
FNDA:6,useCalendarNavigation
FNDA:6,(anonymous_13)
FNDA:6,(anonymous_14)
FNDA:7,useCalendarMonthLabel
FNDA:18,(anonymous_16)
FNDA:18,(anonymous_17)
FNDA:2,(anonymous_18)
FNDA:8,useCalendarYearLabel
FNDA:21,(anonymous_20)
FNDA:2,(anonymous_21)
FNDA:7,useCalendarSystemSwitcher
FNDA:16,(anonymous_23)
FNDA:2,(anonymous_24)
FNDA:4,(anonymous_25)
FNDA:5,useCalendarMonthPicker
FNDA:11,(anonymous_27)
FNDA:11,(anonymous_28)
FNDA:2,(anonymous_29)
FNDA:24,(anonymous_30)
FNDA:1,(anonymous_31)
FNDA:5,useCalendarYearPicker
FNDA:11,(anonymous_33)
FNDA:3,(anonymous_34)
FNDA:1,(anonymous_35)
DA:43,4
DA:46,263
DA:47,263
DA:48,16
DA:52,247
DA:65,168
DA:66,168
DA:67,536
DA:88,4
DA:91,644
DA:92,644
DA:93,4
DA:97,640
DA:102,4
DA:103,202
DA:105,202
DA:107,4
DA:108,2
DA:151,16
DA:152,14
DA:154,14
DA:155,44
DA:156,9
DA:159,14
DA:160,5
DA:161,4
DA:162,4
DA:170,14
DA:171,2
DA:172,2
DA:175,14
DA:201,4
DA:206,12
DA:207,12
DA:208,12
DA:209,6
DA:210,3
DA:214,6
DA:215,4
DA:216,6
DA:219,4
DA:220,6
DA:223,4
DA:255,7
DA:258,5
DA:259,18
DA:261,18
DA:262,5
DA:263,2
DA:264,2
DA:266,5
DA:290,8
DA:293,6
DA:294,21
DA:295,21
DA:296,8
DA:297,8
DA:299,6
DA:300,2
DA:301,2
DA:303,6
DA:339,7
DA:340,5
DA:341,16
DA:343,5
DA:345,4
DA:346,2
DA:347,2
DA:348,1
DA:349,1
DA:354,5
DA:396,5
DA:397,11
DA:398,11
DA:399,3
DA:400,24
DA:403,3
DA:404,1
DA:407,3
DA:444,5
DA:445,11
DA:446,3
DA:447,3
DA:450,3
DA:451,1
DA:454,3
LF:86
LH:86
BRDA:47,0,0,16
BRDA:47,0,1,247
BRDA:92,1,0,4
BRDA:92,1,1,640
BRDA:155,2,0,35
BRDA:155,2,1,9
BRDA:156,3,0,9
BRDA:156,3,1,9
BRDA:160,4,0,1
BRDA:160,4,1,4
BRDA:163,5,0,2
BRDA:163,5,1,2
BRDA:164,6,0,1
BRDA:164,6,1,3
BRDA:165,7,0,1
BRDA:165,7,1,3
BRDA:206,8,0,3
BRDA:206,8,1,9
BRDA:208,9,0,6
BRDA:208,9,1,6
BRDA:209,10,0,3
BRDA:209,10,1,3
BRDA:259,11,0,18
BRDA:259,11,1,3
BRDA:264,12,0,1
BRDA:264,12,1,1
BRDA:295,13,0,13
BRDA:295,13,1,8
BRDA:301,14,0,1
BRDA:301,14,1,1
BRDA:346,15,0,1
BRDA:346,15,1,1
BRDA:347,16,0,1
BRDA:347,16,1,1
BRDA:347,17,0,2
BRDA:347,17,1,1
BRF:36
BRH:36
end_of_record
TN:
SF:src/defaults.tsx
FN:34,(anonymous_0)
FN:39,(anonymous_1)
FN:46,(anonymous_2)
FNF:3
FNH:3
FNDA:87,(anonymous_0)
FNDA:239,(anonymous_1)
FNDA:183,(anonymous_2)
DA:33,5
DA:34,87
DA:36,5
DA:38,5
DA:39,239
DA:41,5
DA:43,5
DA:46,183
DA:47,5
DA:49,5
DA:59,5
DA:91,5
LF:12
LH:12
BRF:0
BRH:0
end_of_record
TN:
SF:src/store.ts
FN:76,(anonymous_0)
FN:85,(anonymous_1)
FN:119,(anonymous_2)
FN:120,(anonymous_3)
FN:130,(anonymous_4)
FN:132,(anonymous_5)
FN:134,(anonymous_6)
FN:141,(anonymous_7)
FN:145,(anonymous_8)
FN:157,(anonymous_9)
FN:174,(anonymous_10)
FN:204,(anonymous_11)
FN:205,(anonymous_12)
FN:220,(anonymous_13)
FN:234,(anonymous_14)
FN:238,(anonymous_15)
FN:250,(anonymous_16)
FN:253,(anonymous_17)
FN:261,(anonymous_18)
FN:270,(anonymous_19)
FN:279,(anonymous_20)
FN:280,(anonymous_21)
FN:291,(anonymous_22)
FN:292,(anonymous_23)
FN:303,(anonymous_24)
FN:311,(anonymous_25)
FN:314,(anonymous_26)
FN:375,(anonymous_27)
FNF:28
FNH:28
FNDA:116,(anonymous_0)
FNDA:10,(anonymous_1)
FNDA:5,(anonymous_2)
FNDA:4,(anonymous_3)
FNDA:787,(anonymous_4)
FNDA:126,(anonymous_5)
FNDA:124,(anonymous_6)
FNDA:132,(anonymous_7)
FNDA:132,(anonymous_8)
FNDA:5,(anonymous_9)
FNDA:75,(anonymous_10)
FNDA:3,(anonymous_11)
FNDA:2,(anonymous_12)
FNDA:16,(anonymous_13)
FNDA:7,(anonymous_14)
FNDA:30,(anonymous_15)
FNDA:1,(anonymous_16)
FNDA:1,(anonymous_17)
FNDA:9,(anonymous_18)
FNDA:7,(anonymous_19)
FNDA:3,(anonymous_20)
FNDA:3,(anonymous_21)
FNDA:2,(anonymous_22)
FNDA:2,(anonymous_23)
FNDA:16,(anonymous_24)
FNDA:1,(anonymous_25)
FNDA:1,(anonymous_26)
FNDA:3,(anonymous_27)
DA:72,116
DA:73,116
DA:74,116
DA:77,116
DA:78,1
DA:82,115
DA:85,10
DA:99,115
DA:102,115
DA:104,115
DA:119,5
DA:120,4
DA:130,787
DA:132,116
DA:133,126
DA:134,126
DA:135,124
DA:142,132
DA:149,132
DA:150,132
DA:151,5
DA:153,127
DA:158,5
DA:159,5
DA:160,5
DA:162,5
DA:165,5
DA:166,5
DA:167,5
DA:175,75
DA:176,75
DA:178,75
DA:179,2
DA:181,75
DA:182,2
DA:187,75
DA:188,75
DA:189,75
DA:190,75
DA:194,2
DA:196,75
DA:200,2
DA:204,75
DA:205,75
DA:209,75
DA:215,75
DA:220,116
DA:221,16
DA:222,15
DA:234,116
DA:235,7
DA:236,7
DA:238,6
DA:239,30
DA:240,6
DA:251,1
DA:253,1
DA:261,116
DA:262,9
DA:263,9
DA:270,116
DA:271,7
DA:272,7
DA:279,116
DA:280,3
DA:281,3
DA:282,3
DA:291,116
DA:292,2
DA:293,2
DA:294,2
DA:303,116
DA:304,16
DA:305,16
DA:308,16
DA:309,15
DA:311,14
DA:312,13
DA:314,1
DA:317,1
DA:320,12
DA:321,2
DA:326,2
DA:330,10
DA:331,10
DA:332,10
DA:333,10
DA:335,10
DA:336,1
DA:337,1
DA:338,9
DA:339,4
DA:340,2
DA:341,2
DA:342,2
DA:343,1
DA:344,1
DA:346,1
DA:347,1
DA:349,5
DA:350,4
DA:351,2
DA:352,2
DA:353,2
DA:354,1
DA:355,1
DA:357,1
DA:358,1
DA:362,1
DA:363,1
DA:366,10
DA:375,116
DA:376,3
DA:377,3
LF:114
LH:114
BRDA:77,0,0,1
BRDA:77,0,1,115
BRDA:82,1,0,6
BRDA:82,1,1,109
BRDA:99,2,0,97
BRDA:99,2,1,18
BRDA:101,3,0,18
BRDA:101,3,1,7
BRDA:102,4,0,51
BRDA:102,4,1,64
BRDA:110,5,0,35
BRDA:110,5,1,80
BRDA:113,6,0,11
BRDA:113,6,1,104
BRDA:116,7,0,9
BRDA:116,7,1,106
BRDA:117,8,0,7
BRDA:117,8,1,108
BRDA:118,9,0,6
BRDA:118,9,1,109
BRDA:124,10,0,115
BRDA:124,10,1,111
BRDA:150,11,0,5
BRDA:150,11,1,127
BRDA:165,12,0,5
BRDA:165,13,0,5
BRDA:165,13,1,5
BRDA:178,14,0,2
BRDA:178,14,1,73
BRDA:181,15,0,2
BRDA:181,15,1,73
BRDA:181,16,0,75
BRDA:181,16,1,74
BRDA:182,17,0,2
BRDA:182,17,1,1
BRDA:188,18,0,4
BRDA:188,18,1,71
BRDA:189,19,0,3
BRDA:189,19,1,72
BRDA:190,20,0,2
BRDA:190,20,1,73
BRDA:191,21,0,75
BRDA:191,21,1,4
BRDA:191,21,2,3
BRDA:191,21,3,74
BRDA:191,21,4,71
BRDA:196,22,0,2
BRDA:196,22,1,73
BRDA:197,23,0,75
BRDA:197,23,1,3
BRDA:197,23,2,2
BRDA:197,23,3,74
BRDA:197,23,4,72
BRDA:221,24,0,1
BRDA:221,24,1,15
BRDA:236,25,0,1
BRDA:236,25,1,6
BRDA:239,26,0,4
BRDA:239,26,1,26
BRDA:308,27,0,1
BRDA:308,27,1,15
BRDA:308,28,0,16
BRDA:308,28,1,1
BRDA:309,29,0,1
BRDA:309,29,1,14
BRDA:309,30,0,15
BRDA:309,30,1,1
BRDA:311,31,0,1
BRDA:311,31,1,13
BRDA:312,32,0,1
BRDA:312,32,1,12
BRDA:314,33,0,1
BRDA:314,33,1,1
BRDA:320,34,0,2
BRDA:320,34,1,10
BRDA:335,35,0,1
BRDA:335,35,1,9
BRDA:335,36,0,10
BRDA:335,36,1,5
BRDA:338,37,0,4
BRDA:338,37,1,5
BRDA:338,38,0,9
BRDA:338,38,1,5
BRDA:339,39,0,2
BRDA:339,39,1,2
BRDA:340,40,0,1
BRDA:340,40,1,1
BRDA:341,41,0,1
BRDA:341,41,1,1
BRDA:342,42,0,1
BRDA:342,42,1,1
BRDA:349,43,0,4
BRDA:349,43,1,1
BRDA:349,44,0,5
BRDA:349,44,1,4
BRDA:350,45,0,2
BRDA:350,45,1,2
BRDA:351,46,0,1
BRDA:351,46,1,1
BRDA:352,47,0,1
BRDA:352,47,1,1
BRDA:353,48,0,1
BRDA:353,48,1,1
BRF:103
BRH:103
end_of_record
TN:
SF:src/components/DayGrid.tsx
FN:41,(anonymous_0)
FN:44,(anonymous_1)
FN:54,(anonymous_2)
FN:90,DayCellComponent
FN:96,(anonymous_4)
FN:180,(anonymous_5)
FN:224,(anonymous_6)
FN:234,(anonymous_7)
FN:240,(anonymous_8)
FN:241,(anonymous_9)
FN:242,(anonymous_10)
FN:243,(anonymous_11)
FN:244,(anonymous_12)
FN:245,(anonymous_13)
FN:246,(anonymous_14)
FN:247,(anonymous_15)
FN:251,(anonymous_16)
FN:259,(anonymous_17)
FN:262,(anonymous_18)
FN:303,(anonymous_19)
FN:320,(anonymous_20)
FNF:21
FNH:21
FNDA:8,(anonymous_0)
FNDA:25,(anonymous_1)
FNDA:56,(anonymous_2)
FNDA:182,DayCellComponent
FNDA:3,(anonymous_4)
FNDA:85,(anonymous_5)
FNDA:11,(anonymous_6)
FNDA:34,(anonymous_7)
FNDA:34,(anonymous_8)
FNDA:34,(anonymous_9)
FNDA:34,(anonymous_10)
FNDA:34,(anonymous_11)
FNDA:34,(anonymous_12)
FNDA:34,(anonymous_13)
FNDA:34,(anonymous_14)
FNDA:34,(anonymous_15)
FNDA:8,(anonymous_16)
FNDA:11,(anonymous_17)
FNDA:462,(anonymous_18)
FNDA:1,(anonymous_19)
FNDA:462,(anonymous_20)
DA:41,2
DA:42,8
DA:43,8
DA:44,25
DA:46,8
DA:55,56
DA:78,2
DA:79,2
DA:91,182
DA:92,182
DA:93,182
DA:95,182
DA:97,3
DA:104,182
DA:105,182
DA:106,182
DA:107,6
DA:108,176
DA:109,1
DA:110,1
DA:112,182
DA:113,1
DA:114,181
DA:115,1
DA:116,180
DA:117,1
DA:120,182
DA:126,182
DA:180,2
DA:181,85
DA:182,84
DA:183,84
DA:184,84
DA:201,2
DA:202,2
DA:224,2
DA:225,11
DA:226,11
DA:227,11
DA:228,11
DA:234,11
DA:235,34
DA:236,34
DA:237,34
DA:240,34
DA:241,34
DA:242,34
DA:243,34
DA:244,34
DA:245,34
DA:246,34
DA:247,34
DA:251,11
DA:252,8
DA:253,8
DA:259,11
DA:260,11
DA:261,11
DA:262,11
DA:263,462
DA:264,462
DA:266,462
DA:270,462
DA:272,462
DA:276,462
DA:302,11
DA:304,1
DA:305,1
DA:310,11
DA:321,462
DA:322,210
DA:327,252
DA:334,2
DA:335,2
LF:74
LH:74
BRDA:106,0,0,6
BRDA:106,0,1,176
BRDA:108,1,0,1
BRDA:108,1,1,175
BRDA:112,2,0,1
BRDA:112,2,1,181
BRDA:112,3,0,182
BRDA:112,3,1,2
BRDA:114,4,0,1
BRDA:114,4,1,180
BRDA:116,5,0,1
BRDA:116,5,1,179
BRDA:120,6,0,6
BRDA:120,6,1,176
BRDA:122,7,0,99
BRDA:122,7,1,77
BRDA:122,8,0,176
BRDA:122,8,1,131
BRDA:135,9,0,44
BRDA:135,9,1,138
BRDA:143,10,0,1
BRDA:143,10,1,181
BRDA:143,11,0,182
BRDA:143,11,1,2
BRDA:145,12,0,44
BRDA:145,12,1,138
BRDA:148,13,0,181
BRDA:148,13,1,1
BRDA:157,14,0,6
BRDA:157,14,1,176
BRDA:181,15,0,1
BRDA:181,15,1,84
BRDA:185,16,0,84
BRDA:185,16,1,84
BRDA:185,16,2,84
BRDA:185,16,3,84
BRDA:185,16,4,84
BRDA:185,16,5,82
BRDA:185,16,6,82
BRDA:185,16,7,82
BRDA:185,16,8,82
BRDA:263,17,0,462
BRDA:263,17,1,42
BRDA:264,18,0,462
BRDA:264,18,1,42
BRDA:266,19,0,462
BRDA:266,19,1,420
BRDA:266,19,2,420
BRDA:270,20,0,462
BRDA:270,20,1,42
BRDA:272,21,0,462
BRDA:272,21,1,126
BRDA:272,21,2,442
BRDA:272,21,3,106
BRDA:272,21,4,379
BRDA:282,22,0,462
BRDA:282,22,1,452
BRDA:282,22,2,451
BRDA:283,23,0,462
BRDA:283,23,1,3
BRDA:283,23,2,2
BRDA:321,24,0,210
BRDA:321,24,1,252
BRF:63
BRH:63
end_of_record
TN:
SF:src/components/Root.tsx
FN:102,(anonymous_0)
FN:110,(anonymous_1)
FN:120,(anonymous_2)
FN:124,(anonymous_3)
FN:180,(anonymous_4)
FN:198,(anonymous_5)
FN:200,(anonymous_6)
FN:221,(anonymous_7)
FNF:8
FNH:8
FNDA:70,(anonymous_0)
FNDA:70,(anonymous_1)
FNDA:70,(anonymous_2)
FNDA:77,(anonymous_3)
FNDA:68,(anonymous_4)
FNDA:70,(anonymous_5)
FNDA:74,(anonymous_6)
FNDA:70,(anonymous_7)
DA:102,4
DA:104,70
DA:110,4
DA:112,70
DA:120,4
DA:122,70
DA:124,4
DA:151,77
DA:153,77
DA:154,77
DA:156,77
DA:157,77
DA:160,77
DA:161,77
DA:162,67
DA:176,77
DA:180,77
DA:181,68
DA:198,77
DA:199,70
DA:200,74
DA:201,70
DA:203,1
DA:206,1
DA:207,69
DA:209,1
DA:212,1
DA:220,77
DA:221,70
DA:245,77
DA:254,4
LF:31
LH:31
BRDA:105,0,0,70
BRDA:105,0,1,69
BRDA:106,1,0,70
BRDA:106,1,1,70
BRDA:107,2,0,70
BRDA:107,2,1,70
BRDA:113,3,0,70
BRDA:113,3,1,69
BRDA:114,4,0,70
BRDA:114,4,1,70
BRDA:115,5,0,70
BRDA:115,5,1,70
BRDA:116,6,0,70
BRDA:116,6,1,69
BRDA:117,7,0,70
BRDA:117,7,1,70
BRDA:122,8,0,70
BRDA:122,8,1,69
BRDA:127,9,0,71
BRDA:161,10,0,67
BRDA:161,10,1,10
BRDA:201,11,0,1
BRDA:201,11,1,69
BRDA:206,12,0,1
BRDA:207,13,0,1
BRDA:207,13,1,68
BRDA:212,14,0,1
BRF:27
BRH:27
end_of_record
TN:
SF:src/systems/gregorian.ts
FN:25,(anonymous_0)
FN:34,(anonymous_1)
FN:36,(anonymous_2)
FN:45,(anonymous_3)
FN:107,(anonymous_4)
FN:112,(anonymous_5)
FN:114,(anonymous_6)
FN:120,(anonymous_7)
FN:125,(anonymous_8)
FN:129,(anonymous_9)
FN:159,(anonymous_10)
FN:160,(anonymous_11)
FN:161,(anonymous_12)
FN:162,(anonymous_13)
FN:163,(anonymous_14)
FN:165,(anonymous_15)
FN:169,(anonymous_16)
FN:183,(anonymous_17)
FN:188,(anonymous_18)
FN:195,(anonymous_19)
FN:199,(anonymous_20)
FN:200,(anonymous_21)
FN:205,(anonymous_22)
FN:211,(anonymous_23)
FN:212,(anonymous_24)
FN:216,(anonymous_25)
FNF:26
FNH:26
FNDA:1031,(anonymous_0)
FNDA:41,(anonymous_1)
FNDA:740,(anonymous_2)
FNDA:20,(anonymous_3)
FNDA:25,(anonymous_4)
FNDA:463,(anonymous_5)
FNDA:2,(anonymous_6)
FNDA:89,(anonymous_7)
FNDA:234,(anonymous_8)
FNDA:156,(anonymous_9)
FNDA:83,(anonymous_10)
FNDA:75,(anonymous_11)
FNDA:33,(anonymous_12)
FNDA:20,(anonymous_13)
FNDA:33,(anonymous_14)
FNDA:5,(anonymous_15)
FNDA:5,(anonymous_16)
FNDA:650,(anonymous_17)
FNDA:39,(anonymous_18)
FNDA:8,(anonymous_19)
FNDA:1122,(anonymous_20)
FNDA:228,(anonymous_21)
FNDA:158,(anonymous_22)
FNDA:29,(anonymous_23)
FNDA:27,(anonymous_24)
FNDA:480,(anonymous_25)
DA:25,6
DA:26,1031
DA:32,6
DA:34,41
DA:36,6
DA:37,740
DA:44,6
DA:45,6
DA:46,20
DA:50,20
DA:65,6
DA:80,6
DA:107,6
DA:110,25
DA:111,25
DA:112,463
DA:114,25
DA:116,25
DA:121,89
DA:122,89
DA:126,234
DA:130,156
DA:131,154
DA:133,7
DA:140,1
DA:141,1
DA:144,6
DA:149,1
DA:152,5
DA:153,3
DA:154,3
DA:156,3
DA:159,83
DA:160,75
DA:161,33
DA:162,20
DA:163,33
DA:166,5
DA:170,5
DA:171,5
DA:172,5
DA:173,1
DA:174,1
DA:176,5
DA:177,1
DA:178,1
DA:180,5
DA:184,650
DA:185,650
DA:189,39
DA:190,39
DA:191,39
DA:192,39
DA:196,8
DA:199,1122
DA:201,228
DA:202,225
DA:203,179
DA:206,158
DA:207,156
DA:208,124
DA:211,29
DA:212,27
DA:216,480
DA:221,6
LF:65
LH:65
BRDA:34,0,0,41
BRDA:34,0,1,6
BRDA:34,0,2,37
BRDA:37,1,0,41
BRDA:37,1,1,699
BRDA:37,2,0,5
BRDA:37,2,1,36
BRDA:46,3,0,4
BRDA:46,3,1,16
BRDA:108,4,0,14
BRDA:110,5,0,25
BRDA:110,5,1,23
BRDA:111,6,0,25
BRDA:111,6,1,24
BRDA:112,7,0,25
BRDA:112,7,1,24
BRDA:114,8,0,25
BRDA:114,8,1,24
BRDA:114,9,0,2
BRDA:114,9,1,1
BRDA:118,10,0,25
BRDA:118,10,1,19
BRDA:130,11,0,2
BRDA:130,11,1,154
BRDA:131,12,0,147
BRDA:131,12,1,7
BRDA:133,13,0,1
BRDA:133,13,1,6
BRDA:134,14,0,7
BRDA:134,14,1,3
BRDA:134,14,2,3
BRDA:134,14,3,1
BRDA:134,14,4,1
BRDA:144,15,0,1
BRDA:144,15,1,5
BRDA:145,16,0,6
BRDA:145,16,1,2
BRDA:145,16,2,2
BRDA:152,17,0,3
BRDA:152,17,1,2
BRDA:152,18,0,5
BRDA:152,18,1,3
BRDA:154,19,0,2
BRDA:154,19,1,1
BRDA:199,20,0,1122
BRDA:199,20,1,702
BRDA:199,20,2,536
BRDA:201,21,0,3
BRDA:201,21,1,225
BRDA:202,22,0,46
BRDA:202,22,1,179
BRDA:206,23,0,2
BRDA:206,23,1,156
BRDA:207,24,0,32
BRDA:207,24,1,124
BRF:55
BRH:55
end_of_record
TN:
SF:src/systems/hijri.ts
FN:141,(anonymous_0)
FN:157,(anonymous_1)
FN:176,(anonymous_2)
FN:194,(anonymous_3)
FN:197,(anonymous_4)
FN:199,(anonymous_5)
FN:215,(anonymous_6)
FN:231,(anonymous_7)
FN:258,(anonymous_8)
FN:267,(anonymous_9)
FN:275,(anonymous_10)
FN:302,(anonymous_11)
FN:303,(anonymous_12)
FN:304,(anonymous_13)
FN:305,(anonymous_14)
FN:306,(anonymous_15)
FN:308,(anonymous_16)
FN:313,(anonymous_17)
FN:328,(anonymous_18)
FN:333,(anonymous_19)
FN:341,(anonymous_20)
FN:346,(anonymous_21)
FN:347,(anonymous_22)
FN:352,(anonymous_23)
FN:358,(anonymous_24)
FN:359,(anonymous_25)
FN:363,(anonymous_26)
FNF:27
FNH:27
FNDA:3,(anonymous_0)
FNDA:24,(anonymous_1)
FNDA:10,(anonymous_2)
FNDA:1,(anonymous_3)
FNDA:2,(anonymous_4)
FNDA:11,(anonymous_5)
FNDA:30,(anonymous_6)
FNDA:12,(anonymous_7)
FNDA:10,(anonymous_8)
FNDA:20,(anonymous_9)
FNDA:10,(anonymous_10)
FNDA:10,(anonymous_11)
FNDA:7,(anonymous_12)
FNDA:8,(anonymous_13)
FNDA:3,(anonymous_14)
FNDA:2,(anonymous_15)
FNDA:1,(anonymous_16)
FNDA:3,(anonymous_17)
FNDA:3,(anonymous_18)
FNDA:2,(anonymous_19)
FNDA:1,(anonymous_20)
FNDA:8,(anonymous_21)
FNDA:6,(anonymous_22)
FNDA:6,(anonymous_23)
FNDA:3,(anonymous_24)
FNDA:2,(anonymous_25)
FNDA:2,(anonymous_26)
DA:76,1
DA:91,1
DA:126,1
DA:139,1
DA:141,1
DA:142,3
DA:146,3
DA:157,1
DA:158,24
DA:159,24
DA:160,24
DA:161,24
DA:176,1
DA:182,10
DA:188,4
DA:191,6
DA:192,6
DA:193,6
DA:194,6
DA:196,6
DA:197,2
DA:199,6
DA:204,11
DA:205,11
DA:215,6
DA:220,30
DA:221,30
DA:231,6
DA:232,12
DA:237,12
DA:238,12
DA:239,12
DA:240,2
DA:241,2
DA:243,12
DA:248,12
DA:254,6
DA:259,10
DA:260,10
DA:268,20
DA:276,10
DA:277,8
DA:278,7
DA:285,1
DA:286,1
DA:288,6
DA:293,1
DA:295,5
DA:296,3
DA:297,3
DA:299,3
DA:302,10
DA:303,7
DA:304,8
DA:305,3
DA:306,2
DA:309,1
DA:310,1
DA:314,3
DA:315,3
DA:316,3
DA:317,1
DA:318,1
DA:320,3
DA:321,1
DA:322,1
DA:324,3
DA:325,3
DA:329,3
DA:330,3
DA:334,2
DA:335,2
DA:336,2
DA:337,2
DA:338,2
DA:342,1
DA:343,1
DA:346,8
DA:348,6
DA:349,4
DA:350,2
DA:353,6
DA:354,4
DA:355,2
DA:358,3
DA:359,2
DA:363,2
LF:87
LH:87
BRDA:142,0,0,2
BRDA:142,0,1,1
BRDA:182,1,0,4
BRDA:182,1,1,6
BRDA:183,2,0,10
BRDA:183,2,1,9
BRDA:183,2,2,8
BRDA:183,2,3,7
BRDA:192,3,0,6
BRDA:192,3,1,4
BRDA:193,4,0,6
BRDA:193,4,1,5
BRDA:194,5,0,6
BRDA:194,5,1,5
BRDA:196,6,0,6
BRDA:196,6,1,5
BRDA:197,7,0,2
BRDA:197,7,1,1
BRDA:239,8,0,2
BRDA:239,8,1,10
BRDA:256,9,0,6
BRDA:256,9,1,5
BRDA:276,10,0,2
BRDA:276,10,1,8
BRDA:277,11,0,1
BRDA:277,11,1,7
BRDA:278,12,0,1
BRDA:278,12,1,6
BRDA:279,13,0,7
BRDA:279,13,1,3
BRDA:279,13,2,3
BRDA:279,13,3,1
BRDA:279,13,4,1
BRDA:288,14,0,1
BRDA:288,14,1,5
BRDA:289,15,0,6
BRDA:289,15,1,2
BRDA:289,15,2,2
BRDA:295,16,0,3
BRDA:295,16,1,2
BRDA:295,17,0,5
BRDA:295,17,1,3
BRDA:297,18,0,2
BRDA:297,18,1,1
BRDA:346,19,0,8
BRDA:346,19,1,8
BRDA:346,19,2,8
BRDA:348,20,0,2
BRDA:348,20,1,4
BRDA:349,21,0,2
BRDA:349,21,1,2
BRDA:353,22,0,2
BRDA:353,22,1,4
BRDA:354,23,0,2
BRDA:354,23,1,2
BRF:55
BRH:55
end_of_record
TN:
SF:src/utils/grid.ts
FN:36,buildMonthGrid
FN:89,getYearPage
FN:93,(anonymous_2)
FN:99,isBetween
FN:113,isExplicitlyDisabled
FNF:5
FNH:5
FNDA:15,buildMonthGrid
FNDA:16,getYearPage
FNDA:192,(anonymous_2)
FNDA:93,isBetween
FNDA:386,isExplicitlyDisabled
DA:11,5
DA:12,5
DA:13,5
DA:15,5
DA:40,15
DA:41,15
DA:42,15
DA:44,15
DA:47,15
DA:48,13
DA:49,13
DA:50,13
DA:51,46
DA:60,15
DA:61,472
DA:62,472
DA:70,15
DA:71,15
DA:72,14
DA:73,14
DA:74,112
DA:82,15
DA:90,16
DA:91,16
DA:92,16
DA:93,192
DA:105,93
DA:106,90
DA:119,386
DA:120,129
DA:121,129
DA:124,381
DA:125,43
DA:126,43
DA:129,373
LF:35
LH:35
BRDA:47,0,0,13
BRDA:47,0,1,2
BRDA:71,1,0,14
BRDA:71,1,1,1
BRDA:91,2,0,1
BRDA:91,2,1,15
BRDA:92,3,0,1
BRDA:92,3,1,15
BRDA:105,4,0,3
BRDA:105,4,1,90
BRDA:105,5,0,93
BRDA:105,5,1,91
BRDA:106,6,0,90
BRDA:106,6,1,44
BRDA:119,7,0,129
BRDA:119,7,1,257
BRDA:121,8,0,5
BRDA:121,8,1,124
BRDA:124,9,0,43
BRDA:124,9,1,338
BRDA:126,10,0,8
BRDA:126,10,1,35
BRF:22
BRH:22
end_of_record
TN:
SF:src/utils/stableProps.ts
FN:33,useStableCallback
FN:37,(anonymous_1)
FN:44,(anonymous_2)
FN:60,useStableArray
FN:64,(anonymous_4)
FNF:5
FNH:5
FNDA:308,useStableCallback
FNDA:308,(anonymous_1)
FNDA:11,(anonymous_2)
FNDA:77,useStableArray
FNDA:9,(anonymous_4)
DA:36,308
DA:37,308
DA:38,308
DA:44,308
DA:45,11
DA:47,308
DA:61,77
DA:62,77
DA:63,77
DA:64,10
DA:65,3
DA:68,77
LF:12
LH:12
BRDA:47,0,0,18
BRDA:47,0,1,290
BRDA:63,1,0,10
BRDA:63,1,1,67
BRDA:64,2,0,3
BRDA:64,2,1,7
BRDA:64,3,0,10
BRDA:64,3,1,8
BRF:8
BRH:8
end_of_record
